CRITICAL - 2024-06-23 07:16:46 --> ParseError: syntax error, unexpected token "endforeach", expecting end of file
[Method: GET, Route: doctor]
in APPPATH\Views\doctor\index.php on line 27.
 1 SYSTEMPATH\View\View.php(237): CodeIgniter\View\View->CodeIgniter\View\{closure}()
 2 SYSTEMPATH\Common.php(1171): CodeIgniter\View\View->render('doctor/index', [], true)
 3 APPPATH\Controllers\DoctorController.php(11): view('doctor/index', [...])
 4 SYSTEMPATH\CodeIgniter.php(933): App\Controllers\DoctorController->index()
 5 SYSTEMPATH\CodeIgniter.php(509): CodeIgniter\CodeIgniter->runController(Object(App\Controllers\DoctorController))
 6 SYSTEMPATH\CodeIgniter.php(355): CodeIgniter\CodeIgniter->handleRequest(null, Object(Config\Cache), false)
 7 SYSTEMPATH\Boot.php(312): CodeIgniter\CodeIgniter->run()
 8 SYSTEMPATH\Boot.php(67): CodeIgniter\Boot::runCodeIgniter(Object(CodeIgniter\CodeIgniter))
 9 FCPATH\index.php(56): CodeIgniter\Boot::bootWeb(Object(Config\Paths))
10 SYSTEMPATH\Commands\Server\rewrite.php(49): require_once('C:\\xampp2\\htdocs\\codeigniter\\codeigniter4\\codeigniter4-framework-9b2cd73\\public\\index.php')
CRITICAL - 2024-06-23 07:19:13 --> ErrorException: Undefined array key "specialisation"
[Method: GET, Route: doctor]
in APPPATH\Views\doctor\index.php on line 29.
 1 APPPATH\Views\doctor\index.php(29): CodeIgniter\Debug\Exceptions->errorHandler(2, 'Undefined array key "specialisation"', 'C:\\xampp2\\htdocs\\codeigniter\\codeigniter4\\codeigniter4-framework-9b2cd73\\app\\Views\\doctor\\index.php', 29)
 2 SYSTEMPATH\View\View.php(234): include('C:\\xampp2\\htdocs\\codeigniter\\codeigniter4\\codeigniter4-framework-9b2cd73\\app\\Views\\doctor\\index.php')
 3 SYSTEMPATH\View\View.php(237): CodeIgniter\View\View->CodeIgniter\View\{closure}()
 4 SYSTEMPATH\Common.php(1171): CodeIgniter\View\View->render('doctor/index', [], true)
 5 APPPATH\Controllers\DoctorController.php(11): view('doctor/index', [...])
 6 SYSTEMPATH\CodeIgniter.php(933): App\Controllers\DoctorController->index()
 7 SYSTEMPATH\CodeIgniter.php(509): CodeIgniter\CodeIgniter->runController(Object(App\Controllers\DoctorController))
 8 SYSTEMPATH\CodeIgniter.php(355): CodeIgniter\CodeIgniter->handleRequest(null, Object(Config\Cache), false)
 9 SYSTEMPATH\Boot.php(312): CodeIgniter\CodeIgniter->run()
10 SYSTEMPATH\Boot.php(67): CodeIgniter\Boot::runCodeIgniter(Object(CodeIgniter\CodeIgniter))
11 FCPATH\index.php(56): CodeIgniter\Boot::bootWeb(Object(Config\Paths))
12 SYSTEMPATH\Commands\Server\rewrite.php(49): require_once('C:\\xampp2\\htdocs\\codeigniter\\codeigniter4\\codeigniter4-framework-9b2cd73\\public\\index.php')
CRITICAL - 2024-06-23 07:32:14 --> ErrorException: Trying to access array offset on value of type null
[Method: GET, Route: doctor]
in APPPATH\Views\doctor\index.php on line 25.
 1 APPPATH\Views\doctor\index.php(25): CodeIgniter\Debug\Exceptions->errorHandler(2, 'Trying to access array offset on value of type null', 'C:\\xampp2\\htdocs\\codeigniter\\codeigniter4\\codeigniter4-framework-9b2cd73\\app\\Views\\doctor\\index.php', 25)
 2 SYSTEMPATH\View\View.php(234): include('C:\\xampp2\\htdocs\\codeigniter\\codeigniter4\\codeigniter4-framework-9b2cd73\\app\\Views\\doctor\\index.php')
 3 SYSTEMPATH\View\View.php(237): CodeIgniter\View\View->CodeIgniter\View\{closure}()
 4 SYSTEMPATH\Common.php(1171): CodeIgniter\View\View->render('doctor/index', [], true)
 5 APPPATH\Controllers\DoctorController.php(11): view('doctor/index', [...])
 6 SYSTEMPATH\CodeIgniter.php(933): App\Controllers\DoctorController->index()
 7 SYSTEMPATH\CodeIgniter.php(509): CodeIgniter\CodeIgniter->runController(Object(App\Controllers\DoctorController))
 8 SYSTEMPATH\CodeIgniter.php(355): CodeIgniter\CodeIgniter->handleRequest(null, Object(Config\Cache), false)
 9 SYSTEMPATH\Boot.php(312): CodeIgniter\CodeIgniter->run()
10 SYSTEMPATH\Boot.php(67): CodeIgniter\Boot::runCodeIgniter(Object(CodeIgniter\CodeIgniter))
11 FCPATH\index.php(56): CodeIgniter\Boot::bootWeb(Object(Config\Paths))
12 SYSTEMPATH\Commands\Server\rewrite.php(49): require_once('C:\\xampp2\\htdocs\\codeigniter\\codeigniter4\\codeigniter4-framework-9b2cd73\\public\\index.php')
INFO - 2024-06-23 13:58:47 --> Session: Class initialized using 'CodeIgniter\Session\Handlers\FileHandler' driver.
INFO - 2024-06-23 13:59:05 --> Session: Class initialized using 'CodeIgniter\Session\Handlers\FileHandler' driver.
INFO - 2024-06-23 13:59:05 --> Session: Class initialized using 'CodeIgniter\Session\Handlers\FileHandler' driver.
INFO - 2024-06-23 13:59:13 --> Session: Class initialized using 'CodeIgniter\Session\Handlers\FileHandler' driver.
INFO - 2024-06-23 14:02:30 --> Session: Class initialized using 'CodeIgniter\Session\Handlers\FileHandler' driver.
INFO - 2024-06-23 14:02:51 --> Session: Class initialized using 'CodeIgniter\Session\Handlers\FileHandler' driver.
INFO - 2024-06-23 14:02:51 --> Session: Class initialized using 'CodeIgniter\Session\Handlers\FileHandler' driver.
INFO - 2024-06-23 14:13:45 --> Session: Class initialized using 'CodeIgniter\Session\Handlers\FileHandler' driver.
INFO - 2024-06-23 14:13:45 --> Session: Class initialized using 'CodeIgniter\Session\Handlers\FileHandler' driver.
INFO - 2024-06-23 14:18:09 --> Session: Class initialized using 'CodeIgniter\Session\Handlers\FileHandler' driver.
INFO - 2024-06-23 14:18:13 --> Session: Class initialized using 'CodeIgniter\Session\Handlers\FileHandler' driver.
INFO - 2024-06-23 18:23:42 --> Session: Class initialized using 'CodeIgniter\Session\Handlers\FileHandler' driver.
INFO - 2024-06-23 18:23:42 --> Session: Class initialized using 'CodeIgniter\Session\Handlers\FileHandler' driver.
INFO - 2024-06-23 18:27:21 --> Session: Class initialized using 'CodeIgniter\Session\Handlers\FileHandler' driver.
CRITICAL - 2024-06-23 18:31:25 --> CodeIgniter\View\Exceptions\ViewException: Invalid file: "employee/edit.php"
[Method: GET, Route: doctor/edit/48]
in SYSTEMPATH\Exceptions\FrameworkException.php on line 41.
 1 SYSTEMPATH\View\View.php(222): CodeIgniter\Exceptions\FrameworkException::forInvalidFile('employee/edit.php')
 2 SYSTEMPATH\Common.php(1171): CodeIgniter\View\View->render('employee/edit', [], true)
 3 APPPATH\Controllers\DoctorController.php(36): view('employee/edit')
 4 SYSTEMPATH\CodeIgniter.php(933): App\Controllers\DoctorController->edit('48')
 5 SYSTEMPATH\CodeIgniter.php(509): CodeIgniter\CodeIgniter->runController(Object(App\Controllers\DoctorController))
 6 SYSTEMPATH\CodeIgniter.php(355): CodeIgniter\CodeIgniter->handleRequest(null, Object(Config\Cache), false)
 7 SYSTEMPATH\Boot.php(312): CodeIgniter\CodeIgniter->run()
 8 SYSTEMPATH\Boot.php(67): CodeIgniter\Boot::runCodeIgniter(Object(CodeIgniter\CodeIgniter))
 9 FCPATH\index.php(56): CodeIgniter\Boot::bootWeb(Object(Config\Paths))
10 SYSTEMPATH\Commands\Server\rewrite.php(49): require_once('C:\\xampp2\\htdocs\\codeigniter\\codeigniter4\\codeigniter4-framework-9b2cd73\\public\\index.php')
CRITICAL - 2024-06-23 18:40:02 --> CodeIgniter\View\Exceptions\ViewException: Invalid file: "employee/edit.php"
[Method: GET, Route: doctor/edit/48]
in SYSTEMPATH\Exceptions\FrameworkException.php on line 41.
 1 SYSTEMPATH\View\View.php(222): CodeIgniter\Exceptions\FrameworkException::forInvalidFile('employee/edit.php')
 2 SYSTEMPATH\Common.php(1171): CodeIgniter\View\View->render('employee/edit', [], true)
 3 APPPATH\Controllers\DoctorController.php(36): view('employee/edit')
 4 SYSTEMPATH\CodeIgniter.php(933): App\Controllers\DoctorController->edit('48')
 5 SYSTEMPATH\CodeIgniter.php(509): CodeIgniter\CodeIgniter->runController(Object(App\Controllers\DoctorController))
 6 SYSTEMPATH\CodeIgniter.php(355): CodeIgniter\CodeIgniter->handleRequest(null, Object(Config\Cache), false)
 7 SYSTEMPATH\Boot.php(312): CodeIgniter\CodeIgniter->run()
 8 SYSTEMPATH\Boot.php(67): CodeIgniter\Boot::runCodeIgniter(Object(CodeIgniter\CodeIgniter))
 9 FCPATH\index.php(56): CodeIgniter\Boot::bootWeb(Object(Config\Paths))
10 SYSTEMPATH\Commands\Server\rewrite.php(49): require_once('C:\\xampp2\\htdocs\\codeigniter\\codeigniter4\\codeigniter4-framework-9b2cd73\\public\\index.php')
CRITICAL - 2024-06-23 19:10:37 --> ErrorException: Undefined variable $doctor
[Method: GET, Route: doctor/edit/48]
in APPPATH\Views\doctor\edit.php on line 24.
 1 APPPATH\Views\doctor\edit.php(24): CodeIgniter\Debug\Exceptions->errorHandler(2, 'Undefined variable $doctor', 'C:\\xampp2\\htdocs\\codeigniter\\codeigniter4\\codeigniter4-framework-9b2cd73\\app\\Views\\doctor\\edit.php', 24)
 2 SYSTEMPATH\View\View.php(234): include('C:\\xampp2\\htdocs\\codeigniter\\codeigniter4\\codeigniter4-framework-9b2cd73\\app\\Views\\doctor\\edit.php')
 3 SYSTEMPATH\View\View.php(237): CodeIgniter\View\View->CodeIgniter\View\{closure}()
 4 SYSTEMPATH\Common.php(1171): CodeIgniter\View\View->render('doctor/edit', [], true)
 5 APPPATH\Controllers\DoctorController.php(38): view('doctor/edit', [...])
 6 SYSTEMPATH\CodeIgniter.php(933): App\Controllers\DoctorController->edit('48')
 7 SYSTEMPATH\CodeIgniter.php(509): CodeIgniter\CodeIgniter->runController(Object(App\Controllers\DoctorController))
 8 SYSTEMPATH\CodeIgniter.php(355): CodeIgniter\CodeIgniter->handleRequest(null, Object(Config\Cache), false)
 9 SYSTEMPATH\Boot.php(312): CodeIgniter\CodeIgniter->run()
10 SYSTEMPATH\Boot.php(67): CodeIgniter\Boot::runCodeIgniter(Object(CodeIgniter\CodeIgniter))
11 FCPATH\index.php(56): CodeIgniter\Boot::bootWeb(Object(Config\Paths))
12 SYSTEMPATH\Commands\Server\rewrite.php(49): require_once('C:\\xampp2\\htdocs\\codeigniter\\codeigniter4\\codeigniter4-framework-9b2cd73\\public\\index.php')
INFO - 2024-06-23 19:22:48 --> Session: Class initialized using 'CodeIgniter\Session\Handlers\FileHandler' driver.
CRITICAL - 2024-06-23 19:32:14 --> ErrorException: Undefined array key "id"
[Method: GET, Route: doctor/edit/49]
in APPPATH\Views\doctor\edit.php on line 15.
 1 APPPATH\Views\doctor\edit.php(15): CodeIgniter\Debug\Exceptions->errorHandler(2, 'Undefined array key "id"', 'C:\\xampp2\\htdocs\\codeigniter\\codeigniter4\\codeigniter4-framework-9b2cd73\\app\\Views\\doctor\\edit.php', 15)
 2 SYSTEMPATH\View\View.php(234): include('C:\\xampp2\\htdocs\\codeigniter\\codeigniter4\\codeigniter4-framework-9b2cd73\\app\\Views\\doctor\\edit.php')
 3 SYSTEMPATH\View\View.php(237): CodeIgniter\View\View->CodeIgniter\View\{closure}()
 4 SYSTEMPATH\Common.php(1171): CodeIgniter\View\View->render('doctor/edit', [], true)
 5 APPPATH\Controllers\DoctorController.php(38): view('doctor/edit', [...])
 6 SYSTEMPATH\CodeIgniter.php(933): App\Controllers\DoctorController->edit('49')
 7 SYSTEMPATH\CodeIgniter.php(509): CodeIgniter\CodeIgniter->runController(Object(App\Controllers\DoctorController))
 8 SYSTEMPATH\CodeIgniter.php(355): CodeIgniter\CodeIgniter->handleRequest(null, Object(Config\Cache), false)
 9 SYSTEMPATH\Boot.php(312): CodeIgniter\CodeIgniter->run()
10 SYSTEMPATH\Boot.php(67): CodeIgniter\Boot::runCodeIgniter(Object(CodeIgniter\CodeIgniter))
11 FCPATH\index.php(56): CodeIgniter\Boot::bootWeb(Object(Config\Paths))
12 SYSTEMPATH\Commands\Server\rewrite.php(49): require_once('C:\\xampp2\\htdocs\\codeigniter\\codeigniter4\\codeigniter4-framework-9b2cd73\\public\\index.php')
INFO - 2024-06-23 19:33:08 --> Session: Class initialized using 'CodeIgniter\Session\Handlers\FileHandler' driver.
INFO - 2024-06-23 19:33:09 --> Session: Class initialized using 'CodeIgniter\Session\Handlers\FileHandler' driver.
INFO - 2024-06-23 19:33:33 --> Session: Class initialized using 'CodeIgniter\Session\Handlers\FileHandler' driver.
INFO - 2024-06-23 19:33:34 --> Session: Class initialized using 'CodeIgniter\Session\Handlers\FileHandler' driver.
