INFO - 2024-06-21 07:52:36 --> Session: Class initialized using 'CodeIgniter\Session\Handlers\FileHandler' driver.
INFO - 2024-06-21 07:52:38 --> Session: Class initialized using 'CodeIgniter\Session\Handlers\FileHandler' driver.
ERROR - 2024-06-21 07:53:21 --> Error connecting to the database: mysqli_sql_exception: Access denied for user 'root'@'localhost' (using password: NO) in C:\xampp2\htdocs\codeigniter\codeigniter4\codeigniter4-framework-9b2cd73\system\Database\MySQLi\Connection.php:186
Stack trace:
#0 C:\xampp2\htdocs\codeigniter\codeigniter4\codeigniter4-framework-9b2cd73\system\Database\MySQLi\Connection.php(186): mysqli->real_connect('localhost', 'root', Object(SensitiveParameterValue), 'test', 3306, '', 0)
#1 C:\xampp2\htdocs\codeigniter\codeigniter4\codeigniter4-framework-9b2cd73\system\Database\BaseConnection.php(421): CodeIgniter\Database\MySQLi\Connection->connect(false)
#2 C:\xampp2\htdocs\codeigniter\codeigniter4\codeigniter4-framework-9b2cd73\system\Database\BaseConnection.php(604): CodeIgniter\Database\BaseConnection->initialize()
#3 C:\xampp2\htdocs\codeigniter\codeigniter4\codeigniter4-framework-9b2cd73\system\Database\BaseBuilder.php(1629): CodeIgniter\Database\BaseConnection->query('SELECT 1\nFROM `...', Array, false)
#4 C:\xampp2\htdocs\codeigniter\codeigniter4\codeigniter4-framework-9b2cd73\system\Validation\StrictRules\Rules.php(228): CodeIgniter\Database\BaseBuilder->get()
#5 C:\xampp2\htdocs\codeigniter\codeigniter4\codeigniter4-framework-9b2cd73\system\Validation\Validation.php(336): CodeIgniter\Validation\StrictRules\Rules->is_unique('mona.marima@str...', 'email', Array, NULL, 'email')
#6 C:\xampp2\htdocs\codeigniter\codeigniter4\codeigniter4-framework-9b2cd73\system\Validation\Validation.php(201): CodeIgniter\Validation\Validation->processRules('email', 'email', 'mona.marima@str...', Array, Array, 'email')
#7 C:\xampp2\htdocs\codeigniter\codeigniter4\codeigniter4-framework-9b2cd73\system\Controller.php(137): CodeIgniter\Validation\Validation->run()
#8 C:\xampp2\htdocs\codeigniter\codeigniter4\codeigniter4-framework-9b2cd73\app\Controllers\Auth.php(125): CodeIgniter\Controller->validate(Array)
#9 C:\xampp2\htdocs\codeigniter\codeigniter4\codeigniter4-framework-9b2cd73\system\CodeIgniter.php(933): App\Controllers\Auth->save()
#10 C:\xampp2\htdocs\codeigniter\codeigniter4\codeigniter4-framework-9b2cd73\system\CodeIgniter.php(509): CodeIgniter\CodeIgniter->runController(Object(App\Controllers\Auth))
#11 C:\xampp2\htdocs\codeigniter\codeigniter4\codeigniter4-framework-9b2cd73\system\CodeIgniter.php(355): CodeIgniter\CodeIgniter->handleRequest(NULL, Object(Config\Cache), false)
#12 C:\xampp2\htdocs\codeigniter\codeigniter4\codeigniter4-framework-9b2cd73\system\Boot.php(312): CodeIgniter\CodeIgniter->run()
#13 C:\xampp2\htdocs\codeigniter\codeigniter4\codeigniter4-framework-9b2cd73\system\Boot.php(67): CodeIgniter\Boot::runCodeIgniter(Object(CodeIgniter\CodeIgniter))
#14 C:\xampp2\htdocs\codeigniter\codeigniter4\codeigniter4-framework-9b2cd73\public\index.php(56): CodeIgniter\Boot::bootWeb(Object(Config\Paths))
#15 C:\xampp2\htdocs\codeigniter\codeigniter4\codeigniter4-framework-9b2cd73\system\Commands\Server\rewrite.php(49): require_once('C:\\xampp2\\htdoc...')
#16 {main}

Next CodeIgniter\Database\Exceptions\DatabaseException: Access denied for user '****'@'localhost' (using password: NO) in C:\xampp2\htdocs\codeigniter\codeigniter4\codeigniter4-framework-9b2cd73\system\Database\MySQLi\Connection.php:231
Stack trace:
#0 C:\xampp2\htdocs\codeigniter\codeigniter4\codeigniter4-framework-9b2cd73\system\Database\BaseConnection.php(421): CodeIgniter\Database\MySQLi\Connection->connect(false)
#1 C:\xampp2\htdocs\codeigniter\codeigniter4\codeigniter4-framework-9b2cd73\system\Database\BaseConnection.php(604): CodeIgniter\Database\BaseConnection->initialize()
#2 C:\xampp2\htdocs\codeigniter\codeigniter4\codeigniter4-framework-9b2cd73\system\Database\BaseBuilder.php(1629): CodeIgniter\Database\BaseConnection->query('SELECT 1\nFROM `...', Array, false)
#3 C:\xampp2\htdocs\codeigniter\codeigniter4\codeigniter4-framework-9b2cd73\system\Validation\StrictRules\Rules.php(228): CodeIgniter\Database\BaseBuilder->get()
#4 C:\xampp2\htdocs\codeigniter\codeigniter4\codeigniter4-framework-9b2cd73\system\Validation\Validation.php(336): CodeIgniter\Validation\StrictRules\Rules->is_unique('mona.marima@str...', 'email', Array, NULL, 'email')
#5 C:\xampp2\htdocs\codeigniter\codeigniter4\codeigniter4-framework-9b2cd73\system\Validation\Validation.php(201): CodeIgniter\Validation\Validation->processRules('email', 'email', 'mona.marima@str...', Array, Array, 'email')
#6 C:\xampp2\htdocs\codeigniter\codeigniter4\codeigniter4-framework-9b2cd73\system\Controller.php(137): CodeIgniter\Validation\Validation->run()
#7 C:\xampp2\htdocs\codeigniter\codeigniter4\codeigniter4-framework-9b2cd73\app\Controllers\Auth.php(125): CodeIgniter\Controller->validate(Array)
#8 C:\xampp2\htdocs\codeigniter\codeigniter4\codeigniter4-framework-9b2cd73\system\CodeIgniter.php(933): App\Controllers\Auth->save()
#9 C:\xampp2\htdocs\codeigniter\codeigniter4\codeigniter4-framework-9b2cd73\system\CodeIgniter.php(509): CodeIgniter\CodeIgniter->runController(Object(App\Controllers\Auth))
#10 C:\xampp2\htdocs\codeigniter\codeigniter4\codeigniter4-framework-9b2cd73\system\CodeIgniter.php(355): CodeIgniter\CodeIgniter->handleRequest(NULL, Object(Config\Cache), false)
#11 C:\xampp2\htdocs\codeigniter\codeigniter4\codeigniter4-framework-9b2cd73\system\Boot.php(312): CodeIgniter\CodeIgniter->run()
#12 C:\xampp2\htdocs\codeigniter\codeigniter4\codeigniter4-framework-9b2cd73\system\Boot.php(67): CodeIgniter\Boot::runCodeIgniter(Object(CodeIgniter\CodeIgniter))
#13 C:\xampp2\htdocs\codeigniter\codeigniter4\codeigniter4-framework-9b2cd73\public\index.php(56): CodeIgniter\Boot::bootWeb(Object(Config\Paths))
#14 C:\xampp2\htdocs\codeigniter\codeigniter4\codeigniter4-framework-9b2cd73\system\Commands\Server\rewrite.php(49): require_once('C:\\xampp2\\htdoc...')
#15 {main}
CRITICAL - 2024-06-21 07:53:21 --> CodeIgniter\Database\Exceptions\DatabaseException: Unable to connect to the database.
Main connection [MySQLi]: Access denied for user '****'@'localhost' (using password: NO)
[Method: POST, Route: auth/save]
in SYSTEMPATH\Database\BaseConnection.php on line 457.
 1 SYSTEMPATH\Database\BaseConnection.php(604): CodeIgniter\Database\BaseConnection->initialize()
 2 SYSTEMPATH\Database\BaseBuilder.php(1629): CodeIgniter\Database\BaseConnection->query('SELECT 1
FROM `users`
WHERE `email` = :email:
 LIMIT 1', [...], false)
 3 SYSTEMPATH\Validation\StrictRules\Rules.php(228): CodeIgniter\Database\BaseBuilder->get()
 4 SYSTEMPATH\Validation\Validation.php(336): CodeIgniter\Validation\StrictRules\Rules->is_unique('mona.marima@strathmore.edu', 'email', [...], null, 'email')
 5 SYSTEMPATH\Validation\Validation.php(201): CodeIgniter\Validation\Validation->processRules('email', 'email', 'mona.marima@strathmore.edu', [...], [...], 'email')
 6 SYSTEMPATH\Controller.php(137): CodeIgniter\Validation\Validation->run()
 7 APPPATH\Controllers\Auth.php(125): CodeIgniter\Controller->validate([...])
 8 SYSTEMPATH\CodeIgniter.php(933): App\Controllers\Auth->save()
 9 SYSTEMPATH\CodeIgniter.php(509): CodeIgniter\CodeIgniter->runController(Object(App\Controllers\Auth))
10 SYSTEMPATH\CodeIgniter.php(355): CodeIgniter\CodeIgniter->handleRequest(null, Object(Config\Cache), false)
11 SYSTEMPATH\Boot.php(312): CodeIgniter\CodeIgniter->run()
12 SYSTEMPATH\Boot.php(67): CodeIgniter\Boot::runCodeIgniter(Object(CodeIgniter\CodeIgniter))
13 FCPATH\index.php(56): CodeIgniter\Boot::bootWeb(Object(Config\Paths))
14 SYSTEMPATH\Commands\Server\rewrite.php(49): require_once('C:\\xampp2\\htdocs\\codeigniter\\codeigniter4\\codeigniter4-framework-9b2cd73\\public\\index.php')
INFO - 2024-06-21 08:03:32 --> Session: Class initialized using 'CodeIgniter\Session\Handlers\FileHandler' driver.
INFO - 2024-06-21 08:03:34 --> Session: Class initialized using 'CodeIgniter\Session\Handlers\FileHandler' driver.
INFO - 2024-06-21 08:04:09 --> Session: Class initialized using 'CodeIgniter\Session\Handlers\FileHandler' driver.
INFO - 2024-06-21 08:04:09 --> Session: Class initialized using 'CodeIgniter\Session\Handlers\FileHandler' driver.
INFO - 2024-06-21 08:07:17 --> Session: Class initialized using 'CodeIgniter\Session\Handlers\FileHandler' driver.
INFO - 2024-06-21 08:07:19 --> Session: Class initialized using 'CodeIgniter\Session\Handlers\FileHandler' driver.
INFO - 2024-06-21 08:07:49 --> Session: Class initialized using 'CodeIgniter\Session\Handlers\FileHandler' driver.
INFO - 2024-06-21 08:07:49 --> Session: Class initialized using 'CodeIgniter\Session\Handlers\FileHandler' driver.
INFO - 2024-06-21 15:29:29 --> Session: Class initialized using 'CodeIgniter\Session\Handlers\FileHandler' driver.
INFO - 2024-06-21 15:29:40 --> Session: Class initialized using 'CodeIgniter\Session\Handlers\FileHandler' driver.
INFO - 2024-06-21 15:29:43 --> Session: Class initialized using 'CodeIgniter\Session\Handlers\FileHandler' driver.
INFO - 2024-06-21 15:30:18 --> Session: Class initialized using 'CodeIgniter\Session\Handlers\FileHandler' driver.
INFO - 2024-06-21 15:30:27 --> Session: Class initialized using 'CodeIgniter\Session\Handlers\FileHandler' driver.
INFO - 2024-06-21 15:30:27 --> Session: Class initialized using 'CodeIgniter\Session\Handlers\FileHandler' driver.
INFO - 2024-06-21 15:30:44 --> Session: Class initialized using 'CodeIgniter\Session\Handlers\FileHandler' driver.
INFO - 2024-06-21 15:30:45 --> Session: Class initialized using 'CodeIgniter\Session\Handlers\FileHandler' driver.
INFO - 2024-06-21 15:31:15 --> Session: Class initialized using 'CodeIgniter\Session\Handlers\FileHandler' driver.
INFO - 2024-06-21 15:31:15 --> Session: Class initialized using 'CodeIgniter\Session\Handlers\FileHandler' driver.
INFO - 2024-06-21 15:31:25 --> Session: Class initialized using 'CodeIgniter\Session\Handlers\FileHandler' driver.
INFO - 2024-06-21 15:31:25 --> Session: Class initialized using 'CodeIgniter\Session\Handlers\FileHandler' driver.
INFO - 2024-06-21 17:45:50 --> Session: Class initialized using 'CodeIgniter\Session\Handlers\FileHandler' driver.
INFO - 2024-06-21 17:45:51 --> Session: Class initialized using 'CodeIgniter\Session\Handlers\FileHandler' driver.
CRITICAL - 2024-06-21 17:46:09 --> Error: Class "App\Models\UsersModel" not found
[Method: POST, Route: auth/save]
in APPPATH\Controllers\Auth.php on line 173.
 1 SYSTEMPATH\CodeIgniter.php(933): App\Controllers\Auth->save()
 2 SYSTEMPATH\CodeIgniter.php(509): CodeIgniter\CodeIgniter->runController(Object(App\Controllers\Auth))
 3 SYSTEMPATH\CodeIgniter.php(355): CodeIgniter\CodeIgniter->handleRequest(null, Object(Config\Cache), false)
 4 SYSTEMPATH\Boot.php(312): CodeIgniter\CodeIgniter->run()
 5 SYSTEMPATH\Boot.php(67): CodeIgniter\Boot::runCodeIgniter(Object(CodeIgniter\CodeIgniter))
 6 FCPATH\index.php(56): CodeIgniter\Boot::bootWeb(Object(Config\Paths))
 7 SYSTEMPATH\Commands\Server\rewrite.php(49): require_once('C:\\xampp2\\htdocs\\codeigniter\\codeigniter4\\codeigniter4-framework-9b2cd73\\public\\index.php')
INFO - 2024-06-21 17:46:46 --> Session: Class initialized using 'CodeIgniter\Session\Handlers\FileHandler' driver.
INFO - 2024-06-21 17:46:46 --> Session: Class initialized using 'CodeIgniter\Session\Handlers\FileHandler' driver.
INFO - 2024-06-21 17:46:49 --> Session: Class initialized using 'CodeIgniter\Session\Handlers\FileHandler' driver.
CRITICAL - 2024-06-21 17:46:57 --> ErrorException: Undefined array key "userID"
[Method: POST, Route: auth/check]
in APPPATH\Controllers\Auth.php on line 221.
 1 APPPATH\Controllers\Auth.php(221): CodeIgniter\Debug\Exceptions->errorHandler(2, 'Undefined array key "userID"', 'C:\\xampp2\\htdocs\\codeigniter\\codeigniter4\\codeigniter4-framework-9b2cd73\\app\\Controllers\\Auth.php', 221)
 2 SYSTEMPATH\CodeIgniter.php(933): App\Controllers\Auth->check()
 3 SYSTEMPATH\CodeIgniter.php(509): CodeIgniter\CodeIgniter->runController(Object(App\Controllers\Auth))
 4 SYSTEMPATH\CodeIgniter.php(355): CodeIgniter\CodeIgniter->handleRequest(null, Object(Config\Cache), false)
 5 SYSTEMPATH\Boot.php(312): CodeIgniter\CodeIgniter->run()
 6 SYSTEMPATH\Boot.php(67): CodeIgniter\Boot::runCodeIgniter(Object(CodeIgniter\CodeIgniter))
 7 FCPATH\index.php(56): CodeIgniter\Boot::bootWeb(Object(Config\Paths))
 8 SYSTEMPATH\Commands\Server\rewrite.php(49): require_once('C:\\xampp2\\htdocs\\codeigniter\\codeigniter4\\codeigniter4-framework-9b2cd73\\public\\index.php')
INFO - 2024-06-21 17:47:35 --> Session: Class initialized using 'CodeIgniter\Session\Handlers\FileHandler' driver.
INFO - 2024-06-21 17:47:35 --> Session: Class initialized using 'CodeIgniter\Session\Handlers\FileHandler' driver.
INFO - 2024-06-21 17:47:38 --> Session: Class initialized using 'CodeIgniter\Session\Handlers\FileHandler' driver.
INFO - 2024-06-21 17:47:38 --> Session: Class initialized using 'CodeIgniter\Session\Handlers\FileHandler' driver.
INFO - 2024-06-21 17:47:52 --> Session: Class initialized using 'CodeIgniter\Session\Handlers\FileHandler' driver.
INFO - 2024-06-21 17:47:52 --> Session: Class initialized using 'CodeIgniter\Session\Handlers\FileHandler' driver.
INFO - 2024-06-21 18:05:25 --> Session: Class initialized using 'CodeIgniter\Session\Handlers\FileHandler' driver.
INFO - 2024-06-21 18:05:42 --> Session: Class initialized using 'CodeIgniter\Session\Handlers\FileHandler' driver.
INFO - 2024-06-21 18:05:43 --> Session: Class initialized using 'CodeIgniter\Session\Handlers\FileHandler' driver.
INFO - 2024-06-21 18:05:50 --> Session: Class initialized using 'CodeIgniter\Session\Handlers\FileHandler' driver.
INFO - 2024-06-21 18:05:50 --> Session: Class initialized using 'CodeIgniter\Session\Handlers\FileHandler' driver.
INFO - 2024-06-21 18:15:51 --> Session: Class initialized using 'CodeIgniter\Session\Handlers\FileHandler' driver.
INFO - 2024-06-21 18:16:02 --> Session: Class initialized using 'CodeIgniter\Session\Handlers\FileHandler' driver.
INFO - 2024-06-21 18:16:02 --> Session: Class initialized using 'CodeIgniter\Session\Handlers\FileHandler' driver.
INFO - 2024-06-21 18:16:08 --> Session: Class initialized using 'CodeIgniter\Session\Handlers\FileHandler' driver.
INFO - 2024-06-21 18:16:08 --> Session: Class initialized using 'CodeIgniter\Session\Handlers\FileHandler' driver.
INFO - 2024-06-21 18:34:30 --> Session: Class initialized using 'CodeIgniter\Session\Handlers\FileHandler' driver.
CRITICAL - 2024-06-21 18:34:31 --> ParseError: Unclosed '{' on line 6
[Method: GET, Route: dashboard]
in APPPATH\Controllers\Dashboard.php on line 25.
 1 SYSTEMPATH\Autoloader\Autoloader.php(296): CodeIgniter\Autoloader\Autoloader->includeFile('C:\\xampp2\\htdocs\\codeigniter\\codeigniter4\\codeigniter4-framework-9b2cd73\\app\\Controllers\\Dashboard.php')
 2 SYSTEMPATH\Autoloader\Autoloader.php(272): CodeIgniter\Autoloader\Autoloader->loadInNamespace('App\\Controllers\\Dashboard')
 3 [internal function]: CodeIgniter\Autoloader\Autoloader->loadClass('App\\Controllers\\Dashboard')
 4 SYSTEMPATH\CodeIgniter.php(887): class_exists('\\App\\Controllers\\Dashboard', true)
 5 SYSTEMPATH\CodeIgniter.php(496): CodeIgniter\CodeIgniter->startController()
 6 SYSTEMPATH\CodeIgniter.php(355): CodeIgniter\CodeIgniter->handleRequest(null, Object(Config\Cache), false)
 7 SYSTEMPATH\Boot.php(312): CodeIgniter\CodeIgniter->run()
 8 SYSTEMPATH\Boot.php(67): CodeIgniter\Boot::runCodeIgniter(Object(CodeIgniter\CodeIgniter))
 9 FCPATH\index.php(56): CodeIgniter\Boot::bootWeb(Object(Config\Paths))
10 SYSTEMPATH\Commands\Server\rewrite.php(49): require_once('C:\\xampp2\\htdocs\\codeigniter\\codeigniter4\\codeigniter4-framework-9b2cd73\\public\\index.php')
INFO - 2024-06-21 18:35:08 --> Session: Class initialized using 'CodeIgniter\Session\Handlers\FileHandler' driver.
INFO - 2024-06-21 18:36:17 --> Session: Class initialized using 'CodeIgniter\Session\Handlers\FileHandler' driver.
INFO - 2024-06-21 18:45:20 --> Session: Class initialized using 'CodeIgniter\Session\Handlers\FileHandler' driver.
INFO - 2024-06-21 18:45:47 --> Session: Class initialized using 'CodeIgniter\Session\Handlers\FileHandler' driver.
INFO - 2024-06-21 18:45:47 --> Session: Class initialized using 'CodeIgniter\Session\Handlers\FileHandler' driver.
INFO - 2024-06-21 18:46:00 --> Session: Class initialized using 'CodeIgniter\Session\Handlers\FileHandler' driver.
INFO - 2024-06-21 18:46:00 --> Session: Class initialized using 'CodeIgniter\Session\Handlers\FileHandler' driver.
